2024/09/28 16:12:37 eyJ0eXAiOiJKV1QiLCJhbGciOiJIUzI1NiJ9.eyJpZCI6Ik04T1k4RTJNIiwiZXhwIjoxNzI3NTI5NDU2fQ.TwGDlxUGqJgFkev1_WgTnhp5XKzAcNsmdDX9zfZYTRU
2024/09/28 16:12:37 Прошла провеврка статуса
2024/09/28 16:23:37 eyJ0eXAiOiJKV1QiLCJhbGciOiJIUzI1NiJ9.eyJpZCI6IlNKT0RTWkhOIiwiZXhwIjoxNzI3NTMwMTE2fQ.rCb3bjh3fr1FbhPtdMCxBqj45TwS4DSbPvNta74T7nI
2024/09/28 16:23:37 Прошла провеврка статуса
2024/09/28 16:34:34 eyJ0eXAiOiJKV1QiLCJhbGciOiJIUzI1NiJ9.eyJpZCI6IjJNQldRUERXIiwiZXhwIjoxNzI3NTI1OTM3fQ.7g_Zr9pANq2c3XBkbUKveOsI-4BXcHlacGZ6mkxsc4Q
2024/09/28 16:34:34 Token is expired
2024/09/28 16:34:47 eyJ0eXAiOiJKV1QiLCJhbGciOiJIUzI1NiJ9.eyJpZCI6IjJNQldRUERXIiwiZXhwIjoxNzI3NTI1OTM3fQ.7g_Zr9pANq2c3XBkbUKveOsI-4BXcHlacGZ6mkxsc4Q
2024/09/28 16:34:47 Token is expired
2024/09/28 16:35:30 eyJ0eXAiOiJKV1QiLCJhbGciOiJIUzI1NiJ9.eyJpZCI6IjJNQldRUERXIiwiZXhwIjoxNzI3NTI1OTM3fQ.7g_Zr9pANq2c3XBkbUKveOsI-4BXcHlacGZ6mkxsc4Q
2024/09/28 16:35:30 Token is expired
2024/09/28 16:36:10 eyJ0eXAiOiJKV1QiLCJhbGciOiJIUzI1NiJ9.eyJpZCI6IlBZWFRGRTRPIiwiZXhwIjoxNzI3NTMwODY4fQ.iaN_jKVZ7SMQNyCbuol9HJA9VRgzDoG5tgYdHkkhuLA
2024/09/28 16:36:10 Прошла провеврка статуса
2024/09/28 16:36:17 eyJ0eXAiOiJKV1QiLCJhbGciOiJIUzI1NiJ9.eyJpZCI6IjJNQldRUERXIiwiZXhwIjoxNzI3NTI1OTM3fQ.7g_Zr9pANq2c3XBkbUKveOsI-4BXcHlacGZ6mkxsc4Q
2024/09/28 16:36:17 Token is expired
2024/09/28 16:38:00 eyJ0eXAiOiJKV1QiLCJhbGciOiJIUzI1NiJ9.eyJpZCI6IjJNQldRUERXIiwiZXhwIjoxNzI3NTI1OTM3fQ.7g_Zr9pANq2c3XBkbUKveOsI-4BXcHlacGZ6mkxsc4Q
2024/09/28 16:38:00 Ключ
2024/09/28 16:38:00 Ключ2
2024/09/28 16:38:00 Token is expired
2024/09/28 16:39:06 eyJ0eXAiOiJKV1QiLCJhbGciOiJIUzI1NiJ9.eyJpZCI6IjJNQldRUERXIiwiZXhwIjoxNzI3NTI1OTM3fQ.7g_Zr9pANq2c3XBkbUKveOsI-4BXcHlacGZ6mkxsc4Q
2024/09/28 16:39:06 Ключ
2024/09/28 16:39:06 Ключ2
2024/09/28 16:39:06 Ключ3
2024/09/28 16:39:06 Token is expired
2024/09/28 16:43:29 eyJ0eXAiOiJKV1QiLCJhbGciOiJIUzI1NiJ9.eyJpZCI6IjJNQldRUERXIiwiZXhwIjoxNzI3NTI1OTM3fQ.7g_Zr9pANq2c3XBkbUKveOsI-4BXcHlacGZ6mkxsc4Q
2024/09/28 16:43:29 Ключ
2024/09/28 16:43:29 Ключ2
2024/09/28 16:43:44 eyJ0eXAiOiJKV1QiLCJhbGciOiJIUzI1NiJ9.eyJpZCI6IjJNQldRUERXIiwiZXhwIjoxNzI3NTI1OTM3fQ.7g_Zr9pANq2c3XBkbUKveOsI-4BXcHlacGZ6mkxsc4Q
2024/09/28 16:43:44 Ключ
2024/09/28 16:43:44 Ключ2
